INFO:__main__:Client connected
INFO:__main__:Connecting to Camera 1 at 1
INFO:__main__:Started camera cam_1: Camera 1
INFO:__main__:Analysis for Camera 1: The CCTV camera feed shows a young man with a seri...
INFO:__main__:Analysis for Camera 1: The CCTV camera feed shows a young man sitting in ...
INFO:__main__:Stopped camera cam_1
INFO:__main__:Connecting to Camera 2 at 1
INFO:__main__:Started camera cam_2: Camera 2
INFO:__main__:Analysis for Camera 2: The CCTV camera feed shows a dark, shadowy scene. ...
INFO:__main__:Analysis for Camera 2: The CCTV camera feed shows a young man with a gray...
INFO:__main__:Analysis for Camera 2: The CCTV camera footage captured a moment of tensi...
INFO:__main__:Analysis for Camera 2: The CCTV camera feed shows a man in a striped shir...
INFO:__main__:Analysis for Camera 2: No one is watching. The man is alone. He is starin...
INFO:__main__:Analysis for Camera 2: The CCTV camera feed shows a young man with a gray...
INFO:__main__:Analysis for Camera 2: The CCTV camera footage shows a young man staring ...
INFO:__main__:Analysis for Camera 2: The CCTV camera feed shows a young man with a stri...
INFO:__main__:Analysis for Camera 2: The CCTV camera feed shows a young man with a seri...
INFO:__main__:Client disconnected
INFO:__main__:Client connected
INFO:__main__:Analysis for Camera 2: The image shows a close-up view of a person's face...
INFO:__main__:Analysis for Camera 2: The image shows a close-up view of a person's face...
INFO:__main__:Analysis for Camera 2: The image shows a close-up view of a person's face...
INFO:__main__:Analysis for Camera 2: The image shows a close-up view of a person's face...
INFO:__main__:Analysis for Camera 2: The CCTV camera feed shows a young man with a stri...
INFO:__main__:Analysis for Camera 2: The CCTV camera feed shows a man sitting on a couc...
INFO:__main__:Analysis for Camera 2: The CCTV camera feed shows a young man with a stri...
INFO:__main__:Analysis for Camera 2: The CCTV camera feed shows a man in a striped shir...
INFO:__main__:Analysis for Camera 2: The image shows a close-up view of a person's face...
INFO:__main__:Analysis for Camera 2: The CCTV camera feed shows a man with a striped sh...
INFO:__main__:Analysis for Camera 2: The image shows a close-up view of a person's face...
INFO:__main__:Analysis for Camera 2: The CCTV camera footage shows a man with a striped...
INFO:__main__:Analysis for Camera 2: The image shows a close-up view of a person's face...
INFO:__main__:Analysis for Camera 2: The CCTV camera feed shows a young man with a seri...
INFO:__main__:Analysis for Camera 2: The CCTV camera feed shows a young man with a stri...
INFO:__main__:Stopped camera cam_2
INFO:__main__:Client disconnected
INFO:__main__:Client connected
INFO:__main__:Connecting to Camera 3 at 1
INFO:__main__:Started camera cam_3: Camera 3
INFO:__main__:Analysis for Camera 3: The CCTV camera feed shows a dark, shadowy scene. ...
INFO:__main__:Analysis for Camera 3: The CCTV camera feed shows a young man with a stri...
INFO:__main__:Analysis for Camera 3: The security officer is standing in the foreground...
INFO:__main__:Analysis for Camera 3: The CCTV camera feed shows a young man with a stri...
INFO:__main__:Analysis for Camera 3: The CCTV camera feed shows a young man with a stri...
INFO:__main__:Analysis for Camera 3: The CCTV camera feed shows a man with a striped sh...
INFO:__main__:Analysis for Camera 3: The CCTV camera footage shows a man with a striped...
INFO:__main__:Client disconnected
INFO:__main__:Client connected
INFO:__main__:Analysis for Camera 3: The security officer is looking at the young man w...
INFO:__main__:Analysis for Camera 3: The security officer is looking at the man with a ...
INFO:__main__:Analysis for Camera 3: The security officer is standing in front of a des...
INFO:__main__:Analysis for Camera 3: The security officer is looking at the young man w...
INFO:__main__:Analysis for Camera 3: The security officer is looking at the camera. The...
INFO:__main__:Analysis for Camera 3: The security officer is looking at the young man w...
INFO:__main__:Analysis for Camera 3: The security officer is looking at the young man w...
INFO:__main__:Analysis for Camera 3: The CCTV camera feed shows a man with a striped sh...
INFO:__main__:Stopped camera cam_3
INFO:__main__:Client disconnected
INFO:__main__:Client connected
